<?xml version="1.0" encoding="UTF-8"?>
<!-- Generated by org.testng.reporters.JUnitXMLReporter -->
<testsuite hostname="IB-SEZ-LAP-046" ignored="0" name="Test" tests="5" failures="0" timestamp="2020-11-26T20:24:40 IST" time="0.085" errors="0">
  <testcase name="APIAutomation" time="0.011" classname="qaclickacademy.APITest"/>
  <testcase name="AppiumAndroidAutomation" time="0.001" classname="qaclickacademy.AppiumTest"/>
  <testcase name="AppiumiOSAutomation" time="0.001" classname="qaclickacademy.AppiumTest"/>
  <testcase name="chromeAutomation" time="0.0" classname="qaclickacademy.SeleniumTest"/>
  <testcase name="firefoxAutomation" time="0.001" classname="qaclickacademy.SeleniumTest"/>
</testsuite> <!-- Test -->
